=[2025-06-08 11:01:58] local.ERROR: syntax error, unexpected token "/" {"userId":100,"exception":"[object] (ParseError(code: 0): syntax error, unexpected token \"/\" at D:\\my projects\\company task\\Other Work\\Goal Master\\GoalMaster\\app\\Events\\CardCharged.php:52)
[stacktrace]
#0 D:\\my projects\\company task\\Other Work\\Goal Master\\GoalMaster\\vendor\\composer\\ClassLoader.php(427): Composer\\Autoload\\{closure}('D:\\\\my projects\\\\...')
#1 D:\\my projects\\company task\\Other Work\\Goal Master\\GoalMaster\\app\\Http\\Controllers\\Api\\Card\\ChargeController.php(69): Composer\\Autoload\\ClassLoader->loadClass('App\\\\Events\\\\Card...')
#2 D:\\my projects\\company task\\Other Work\\Goal Master\\GoalMaster\\vendor\\laravel\\framework\\src\\Illuminate\\Routing\\Controller.php(54): App\\Http\\Controllers\\Api\\Card\\ChargeController->chargeCard(Object(App\\Http\\Requests\\CardRequest))
#3 D:\\my projects\\company task\\Other Work\\Goal Master\\GoalMaster\\vendor\\laravel\\framework\\src\\Illuminate\\Routing\\ControllerDispatcher.php(43): Illuminate\\Routing\\Controller->callAction('chargeCard', Array)
#4 D:\\my projects\\company task\\Other Work\\Goal Master\\GoalMaster\\vendor\\laravel\\framework\\src\\Illuminate\\Routing\\Route.php(259): Illuminate\\Routing\\ControllerDispatcher->dispatch(Object(Illuminate\\Routing\\Route), Object(App\\Http\\Controllers\\Api\\Card\\ChargeController), 'chargeCard')
#5 D:\\my projects\\company task\\Other Work\\Goal Master\\GoalMaster\\vendor\\laravel\\framework\\src\\Illuminate\\Routing\\Route.php(205): Illuminate\\Routing\\Route->runController()
#6 D:\\my projects\\company task\\Other Work\\Goal Master\\GoalMaster\\vendor\\laravel\\framework\\src\\Illuminate\\Routing\\Router.php(798): Illuminate\\Routing\\Route->run()
#7 D:\\my projects\\company task\\Other Work\\Goal Master\\GoalMaster\\vendor\\laravel\\framework\\src\\Illuminate\\Pipeline\\Pipeline.php(141): Illuminate\\Routing\\Router->Illuminate\\Routing\\{closure}(Object(Illuminate\\Http\\Request))
#8 D:\\my projects\\company task\\Other Work\\Goal Master\\GoalMaster\\vendor\\tymon\\jwt-auth\\src\\Http\\Middleware\\Authenticate.php(32): Illuminate\\Pipeline\\Pipeline->Illuminate\\Pipeline\\{closure}(Object(Illuminate\\Http\\Request))
#9 D:\\my projects\\company task\\Other Work\\Goal Master\\GoalMaster\\vendor\\laravel\\framework\\src\\Illuminate\\Pipeline\\Pipeline.php(180): Tymon\\JWTAuth\\Http\\Middleware\\Authenticate->handle(Object(Illuminate\\Http\\Request), Object(Closure), 'api')
#10 D:\\my projects\\company task\\Other Work\\Goal Master\\GoalMaster\\app\\Http\\Middleware\\SetLocale.php(24): Illuminate\\Pipeline\\Pipeline->Illuminate\\Pipeline\\{closure}(Object(Illuminate\\Http\\Request))
#11 D:\\my projects\\company task\\Other Work\\Goal Master\\GoalMaster\\vendor\\laravel\\framework\\src\\Illuminate\\Pipeline\\Pipeline.php(180): App\\Http\\Middleware\\SetLocale->handle(Object(Illuminate\\Http\\Request), Object(Closure))
#12 D:\\my projects\\company task\\Other Work\\Goal Master\\GoalMaster\\vendor\\laravel\\framework\\src\\Illuminate\\Pipeline\\Pipeline.php(116): Illuminate\\Pipeline\\Pipeline->Illuminate\\Pipeline\\{closure}(Object(Illuminate\\Http\\Request))
#13 D:\\my projects\\company task\\Other Work\\Goal Master\\GoalMaster\\vendor\\laravel\\framework\\src\\Illuminate\\Routing\\Router.php(797): Illuminate\\Pipeline\\Pipeline->then(Object(Closure))
#14 D:\\my projects\\company task\\Other Work\\Goal Master\\GoalMaster\\vendor\\laravel\\framework\\src\\Illuminate\\Routing\\Router.php(776): Illuminate\\Routing\\Router->runRouteWithinStack(Object(Illuminate\\Routing\\Route), Object(Illuminate\\Http\\Request))
#15 D:\\my projects\\company task\\Other Work\\Goal Master\\GoalMaster\\vendor\\laravel\\framework\\src\\Illuminate\\Routing\\Router.php(740): Illuminate\\Routing\\Router->runRoute(Object(Illuminate\\Http\\Request), Object(Illuminate\\Routing\\Route))
#16 D:\\my projects\\company task\\Other Work\\Goal Master\\GoalMaster\\vendor\\laravel\\framework\\src\\Illuminate\\Routing\\Router.php(729): Illuminate\\Routing\\Router->dispatchToRoute(Object(Illuminate\\Http\\Request))
#17 D:\\my projects\\company task\\Other Work\\Goal Master\\GoalMaster\\vendor\\laravel\\framework\\src\\Illuminate\\Foundation\\Http\\Kernel.php(190): Illuminate\\Routing\\Router->dispatch(Object(Illuminate\\Http\\Request))
#18 D:\\my projects\\company task\\Other Work\\Goal Master\\GoalMaster\\vendor\\laravel\\framework\\src\\Illuminate\\Pipeline\\Pipeline.php(141): Illuminate\\Foundation\\Http\\Kernel->Illuminate\\Foundation\\Http\\{closure}(Object(Illuminate\\Http\\Request))
#19 D:\\my projects\\company task\\Other Work\\Goal Master\\GoalMaster\\vendor\\barryvdh\\laravel-debugbar\\src\\Middleware\\InjectDebugbar.php(59): Illuminate\\Pipeline\\Pipeline->Illuminate\\Pipeline\\{closure}(Object(Illuminate\\Http\\Request))
#20 D:\\my projects\\company task\\Other Work\\Goal Master\\GoalMaster\\vendor\\laravel\\framework\\src\\Illuminate\\Pipeline\\Pipeline.php(180): Barryvdh\\Debugbar\\Middleware\\InjectDebugbar->handle(Object(Illuminate\\Http\\Request), Object(Closure))
#21 D:\\my projects\\company task\\Other Work\\Goal Master\\GoalMaster\\vendor\\laravel\\framework\\src\\Illuminate\\Foundation\\Http\\Middleware\\TransformsRequest.php(21): Illuminate\\Pipeline\\Pipeline->Illuminate\\Pipeline\\{closure}(Object(Illuminate\\Http\\Request))
#22 D:\\my projects\\company task\\Other Work\\Goal Master\\GoalMaster\\vendor\\laravel\\framework\\src\\Illuminate\\Foundation\\Http\\Middleware\\ConvertEmptyStringsToNull.php(31): Illuminate\\Foundation\\Http\\Middleware\\TransformsRequest->handle(Object(Illuminate\\Http\\Request), Object(Closure))
#23 D:\\my projects\\company task\\Other Work\\Goal Master\\GoalMaster\\vendor\\laravel\\framework\\src\\Illuminate\\Pipeline\\Pipeline.php(180): Illuminate\\Foundation\\Http\\Middleware\\ConvertEmptyStringsToNull->handle(Object(Illuminate\\Http\\Request), Object(Closure))
#24 D:\\my projects\\company task\\Other Work\\Goal Master\\GoalMaster\\vendor\\laravel\\framework\\src\\Illuminate\\Foundation\\Http\\Middleware\\TransformsRequest.php(21): Illuminate\\Pipeline\\Pipeline->Illuminate\\Pipeline\\{closure}(Object(Illuminate\\Http\\Request))
#25 D:\\my projects\\company task\\Other Work\\Goal Master\\GoalMaster\\vendor\\laravel\\framework\\src\\Illuminate\\Foundation\\Http\\Middleware\\TrimStrings.php(40): Illuminate\\Foundation\\Http\\Middleware\\TransformsRequest->handle(Object(Illuminate\\Http\\Request), Object(Closure))
#26 D:\\my projects\\company task\\Other Work\\Goal Master\\GoalMaster\\vendor\\laravel\\framework\\src\\Illuminate\\Pipeline\\Pipeline.php(180): Illuminate\\Foundation\\Http\\Middleware\\TrimStrings->handle(Object(Illuminate\\Http\\Request), Object(Closure))
#27 D:\\my projects\\company task\\Other Work\\Goal Master\\GoalMaster\\vendor\\laravel\\framework\\src\\Illuminate\\Foundation\\Http\\Middleware\\ValidatePostSize.php(27): Illuminate\\Pipeline\\Pipeline->Illuminate\\Pipeline\\{closure}(Object(Illuminate\\Http\\Request))
#28 D:\\my projects\\company task\\Other Work\\Goal Master\\GoalMaster\\vendor\\laravel\\framework\\src\\Illuminate\\Pipeline\\Pipeline.php(180): Illuminate\\Foundation\\Http\\Middleware\\ValidatePostSize->handle(Object(Illuminate\\Http\\Request), Object(Closure))
#29 D:\\my projects\\company task\\Other Work\\Goal Master\\GoalMaster\\vendor\\laravel\\framework\\src\\Illuminate\\Foundation\\Http\\Middleware\\PreventRequestsDuringMaintenance.php(86): Illuminate\\Pipeline\\Pipeline->Illuminate\\Pipeline\\{closure}(Object(Illuminate\\Http\\Request))
#30 D:\\my projects\\company task\\Other Work\\Goal Master\\GoalMaster\\vendor\\laravel\\framework\\src\\Illuminate\\Pipeline\\Pipeline.php(180): Illuminate\\Foundation\\Http\\Middleware\\PreventRequestsDuringMaintenance->handle(Object(Illuminate\\Http\\Request), Object(Closure))
#31 D:\\my projects\\company task\\Other Work\\Goal Master\\GoalMaster\\vendor\\fideloper\\proxy\\src\\TrustProxies.php(57): Illuminate\\Pipeline\\Pipeline->Illuminate\\Pipeline\\{closure}(Object(Illuminate\\Http\\Request))
#32 D:\\my projects\\company task\\Other Work\\Goal Master\\GoalMaster\\vendor\\laravel\\framework\\src\\Illuminate\\Pipeline\\Pipeline.php(180): Fideloper\\Proxy\\TrustProxies->handle(Object(Illuminate\\Http\\Request), Object(Closure))
#33 D:\\my projects\\company task\\Other Work\\Goal Master\\GoalMaster\\vendor\\laravel\\framework\\src\\Illuminate\\Pipeline\\Pipeline.php(116): Illuminate\\Pipeline\\Pipeline->Illuminate\\Pipeline\\{closure}(Object(Illuminate\\Http\\Request))
#34 D:\\my projects\\company task\\Other Work\\Goal Master\\GoalMaster\\vendor\\laravel\\framework\\src\\Illuminate\\Foundation\\Http\\Kernel.php(165): Illuminate\\Pipeline\\Pipeline->then(Object(Closure))
#35 D:\\my projects\\company task\\Other Work\\Goal Master\\GoalMaster\\vendor\\laravel\\framework\\src\\Illuminate\\Foundation\\Http\\Kernel.php(134): Illuminate\\Foundation\\Http\\Kernel->sendRequestThroughRouter(Object(Illuminate\\Http\\Request))
#36 D:\\my projects\\company task\\Other Work\\Goal Master\\GoalMaster\\public\\index.php(51): Illuminate\\Foundation\\Http\\Kernel->handle(Object(Illuminate\\Http\\Request))
#37 D:\\my projects\\company task\\Other Work\\Goal Master\\GoalMaster\\vendor\\laravel\\framework\\src\\Illuminate\\Foundation\\resources\\server.php(16): require_once('D:\\\\my projects\\\\...')
#38 {main}
"} 
